Arguments: 
  /usr/local/Cellar/node/9.2.1/bin/node /usr/local/Cellar/yarn/1.3.2/libexec/bin/yarn.js publish

PATH: 
  /usr/local/bin:/usr/local/sbin:/usr/local/Cellar/php71/7.1.5_17/bin:/Users/adam/.composer/vendor/bin:/usr/local/opt/fzf/bin:/usr/bin:/bin:/usr/sbin:/sbin:/usr/local/MacGPG2/bin

Yarn version: 
  1.3.2

Node version: 
  9.2.1

Platform: 
  darwin x64

npm manifest: 
  {
      "name": "@vanillaforums/eslint-config",
      "version": "1.2.0",
      "description": "The Vanilla Forums ESLint config.",
      "main": "index.js",
      "repository": "git@github.com:vanilla/eslint-config.git",
      "author": "Adam Charron <adam@charrondev.com>",
      "license": "MIT",
      "peerDependencies": {
          "eslint": "^4.16.0",
          "eslint-plugin-react": "^7.6.1"
      }
  }

yarn manifest: 
  No manifest

Lockfile: 
  No lockfile

Trace: 
  Error: canceled
      at Interface.<anonymous> (/usr/local/Cellar/yarn/1.3.2/libexec/lib/cli.js:121045:13)
      at Interface.emit (events.js:159:13)
      at Interface._ttyWrite (readline.js:786:16)
      at ReadStream.onkeypress (readline.js:165:10)
      at ReadStream.emit (events.js:159:13)
      at emitKeys (internal/readline.js:420:14)
      at emitKeys.next (<anonymous>)
      at ReadStream.onData (readline.js:1022:36)
      at ReadStream.emit (events.js:159:13)
      at addChunk (_stream_readable.js:265:12)
